sample.interval=5000
"as.character.default" "as.character" "as.character" "factor" "data.frame" "bfastpp" "bfastmonitor" 
"as.character.default" "as.character" "as.character" "factor" "data.frame" "bfastpp" "bfastmonitor" 
"as.character.default" "as.character" "as.character" "factor" "data.frame" "bfastpp" "bfastmonitor" 
"as.character.default" "as.character" "as.character" "factor" "data.frame" "bfastpp" "bfastmonitor" 
"as.character.default" "as.character" "as.character" "factor" "data.frame" "bfastpp" "bfastmonitor" 
"as.character.default" "as.character" "as.character" "factor" "data.frame" "bfastpp" "bfastmonitor" 
"FUN" "apply" "cbind" "bfastpp" "bfastmonitor" 
"FUN" "apply" "cbind" "bfastpp" "bfastmonitor" 
"FUN" "apply" "cbind" "bfastpp" "bfastmonitor" 
"cbind" "bfastpp" "bfastmonitor" 
"is.na" "na.omit.data.frame" "na.action" "bfastpp" "bfastmonitor" 
"na.omit.data.frame" "na.action" "bfastpp" "bfastmonitor" 
"anyDuplicated.default" "anyDuplicated" "[.data.frame" "[" "na.omit.data.frame" "na.action" "bfastpp" "bfastmonitor" 
"terms" "model.matrix.default" "model.matrix" "efp" "mefp.formula" "mefp" "bfastmonitor" 
"subset.data.frame" "subset" "standardGeneric" "subset" "bfastmonitor" 
"anyDuplicated.default" "anyDuplicated" "[.data.frame" "[" "subset.data.frame" "subset" "standardGeneric" "subset" "bfastmonitor" 
"na.omit.data.frame" "na.omit" ".External2" "model.frame.default" "model.frame" "monitor" "bfastmonitor" 
"[.data.frame" "[" "na.omit.data.frame" "na.omit" ".External2" "model.frame.default" "model.frame" "monitor" "bfastmonitor" 
"[.data.frame" "[" "na.omit.data.frame" "na.omit" ".External2" "model.frame.default" "model.frame" "monitor" "bfastmonitor" 
"[.data.frame" "[" "na.omit.data.frame" "na.omit" ".External2" "model.frame.default" "model.frame" "monitor" "bfastmonitor" 
"[.data.frame" "[" "na.omit.data.frame" "na.omit" ".External2" "model.frame.default" "model.frame" "monitor" "bfastmonitor" 
"[.data.frame" "[" "na.omit.data.frame" "na.omit" ".External2" "model.frame.default" "model.frame" "monitor" "bfastmonitor" 
"[.data.frame" "[" "na.omit.data.frame" "na.omit" ".External2" "model.frame.default" "model.frame" "monitor" "bfastmonitor" 
"[.data.frame" "[" "na.omit.data.frame" "na.omit" ".External2" "model.frame.default" "model.frame" "monitor" "bfastmonitor" 
"[.data.frame" "[" "na.omit.data.frame" "na.omit" ".External2" "model.frame.default" "model.frame" "monitor" "bfastmonitor" 
"[.data.frame" "[" "na.omit.data.frame" "na.omit" ".External2" "model.frame.default" "model.frame" "monitor" "bfastmonitor" 
"[.data.frame" "[" "na.omit.data.frame" "na.omit" ".External2" "model.frame.default" "model.frame" "monitor" "bfastmonitor" 
"[.data.frame" "[" "na.omit.data.frame" "na.omit" ".External2" "model.frame.default" "model.frame" "monitor" "bfastmonitor" 
"[.data.frame" "[" "na.omit.data.frame" "na.omit" ".External2" "model.frame.default" "model.frame" "monitor" "bfastmonitor" 
"[.data.frame" "[" "na.omit.data.frame" "na.omit" ".External2" "model.frame.default" "model.frame" "monitor" "bfastmonitor" 
"[.data.frame" "[" "na.omit.data.frame" "na.omit" ".External2" "model.frame.default" "model.frame" "monitor" "bfastmonitor" 
"[.data.frame" "[" "na.omit.data.frame" "na.omit" ".External2" "model.frame.default" "model.frame" "monitor" "bfastmonitor" 
"[.data.frame" "[" "na.omit.data.frame" "na.omit" ".External2" "model.frame.default" "model.frame" "monitor" "bfastmonitor" 
"[.data.frame" "[" "na.omit.data.frame" "na.omit" ".External2" "model.frame.default" "model.frame" "monitor" "bfastmonitor" 
"[.data.frame" "[" "na.omit.data.frame" "na.omit" ".External2" "model.frame.default" "model.frame" "monitor" "bfastmonitor" 
"[.data.frame" "[" "na.omit.data.frame" "na.omit" ".External2" "model.frame.default" "model.frame" "monitor" "bfastmonitor" 
"[.data.frame" "[" "na.omit.data.frame" "na.omit" ".External2" "model.frame.default" "model.frame" "monitor" "bfastmonitor" 
"[.data.frame" "[" "na.omit.data.frame" "na.omit" ".External2" "model.frame.default" "model.frame" "monitor" "bfastmonitor" 
"[.data.frame" "[" "na.omit.data.frame" "na.omit" ".External2" "model.frame.default" "model.frame" "monitor" "bfastmonitor" 
"as.character" "model.response" "as.matrix" "monitor" "bfastmonitor" 
".External" "terms.formula" "terms" "monitor" "bfastmonitor" 
"na.omit.data.frame" "na.omit" ".External2" "model.frame.default" "model.frame" "model.matrix.default" "model.matrix" "monitor" "bfastmonitor" 
"[.data.frame" "[" "na.omit.data.frame" "na.omit" ".External2" "model.frame.default" "model.frame" "model.matrix.default" "model.matrix" "monitor" "bfastmonitor" 
"[.data.frame" "[" "na.omit.data.frame" "na.omit" ".External2" "model.frame.default" "model.frame" "model.matrix.default" "model.matrix" "monitor" "bfastmonitor" 
".External2" "model.matrix.default" "model.matrix" "monitor" "bfastmonitor" 
"%*%" "as.vector" "<Anonymous>" "monitor" "bfastmonitor" 
"sum" "<Anonymous>" "monitor" "bfastmonitor" 
"sum" "<Anonymous>" "monitor" "bfastmonitor" 
"sum" "<Anonymous>" "monitor" "bfastmonitor" 
"sum" "<Anonymous>" "monitor" "bfastmonitor" 
"sum" "<Anonymous>" "monitor" "bfastmonitor" 
"sum" "<Anonymous>" "monitor" "bfastmonitor" 
"sum" "<Anonymous>" "monitor" "bfastmonitor" 
"sum" "<Anonymous>" "monitor" "bfastmonitor" 
"sum" "<Anonymous>" "monitor" "bfastmonitor" 
"sum" "<Anonymous>" "monitor" "bfastmonitor" 
"sum" "<Anonymous>" "monitor" "bfastmonitor" 
"sum" "<Anonymous>" "monitor" "bfastmonitor" 
"sum" "<Anonymous>" "monitor" "bfastmonitor" 
"sum" "<Anonymous>" "monitor" "bfastmonitor" 
"sum" "<Anonymous>" "monitor" "bfastmonitor" 
"sum" "<Anonymous>" "monitor" "bfastmonitor" 
"sum" "<Anonymous>" "monitor" "bfastmonitor" 
"sum" "<Anonymous>" "monitor" "bfastmonitor" 
"<Anonymous>" "monitor" "bfastmonitor" 
"<Anonymous>" "monitor" "bfastmonitor" 
"<Anonymous>" "monitor" "bfastmonitor" 
"<Anonymous>" "monitor" "bfastmonitor" 
"<Anonymous>" "monitor" "bfastmonitor" 
"<Anonymous>" "monitor" "bfastmonitor" 
"<Anonymous>" "monitor" "bfastmonitor" 
"<Anonymous>" "monitor" "bfastmonitor" 
"<Anonymous>" "monitor" "bfastmonitor" 
"<Anonymous>" "monitor" "bfastmonitor" 
"<Anonymous>" "monitor" "bfastmonitor" 
"sum" "<Anonymous>" "monitor" "bfastmonitor" 
"<Anonymous>" "monitor" "bfastmonitor" 
"<Anonymous>" "monitor" "bfastmonitor" 
"<Anonymous>" "monitor" "bfastmonitor" 
"<Anonymous>" "monitor" "bfastmonitor" 
"+" "<Anonymous>" "monitor" "bfastmonitor" 
"<Anonymous>" "monitor" "bfastmonitor" 
"<Anonymous>" "monitor" "bfastmonitor" 
"<Anonymous>" "monitor" "bfastmonitor" 
":" "<Anonymous>" "monitor" "bfastmonitor" 
"<Anonymous>" "monitor" "bfastmonitor" 
"<Anonymous>" "monitor" "bfastmonitor" 
"<Anonymous>" "monitor" "bfastmonitor" 
"<Anonymous>" "monitor" "bfastmonitor" 
"<Anonymous>" "monitor" "bfastmonitor" 
"<Anonymous>" "monitor" "bfastmonitor" 
"ifelse" "logPlus" "<Anonymous>" "monitor" "bfastmonitor" 
"which" "monitor" "bfastmonitor" 
".External2" "model.matrix.default" "model.matrix" "predict.lm" "predict" "standardGeneric" "predict" "bfastmonitor" 
".External2" "model.matrix.default" "model.matrix" "predict.lm" "predict" "standardGeneric" "predict" "bfastmonitor" 
"predict.lm" "predict" "standardGeneric" "predict" "bfastmonitor" 
"-" "median" "bfastmonitor" 
