sample.interval=10000
"as.character.default" "as.character" "as.character" "factor" "data.frame" "bfastpp" "bfastmonitor" 
"as.character.default" "as.character" "as.character" "factor" "data.frame" "bfastpp" "bfastmonitor" 
"FUN" "apply" "cbind" "bfastpp" "bfastmonitor" 
"is.na" "na.omit.data.frame" "na.action" "bfastpp" "bfastmonitor" 
"[.data.frame" "[" "history_roc" "bfastmonitor" 
"stopifnot" "recresid.default" "recresid" "efp" "history_roc" "bfastmonitor" 
"recresid.default" "recresid" "efp" "history_roc" "bfastmonitor" 
"*" "recresid.default" "recresid" "efp" "history_roc" "bfastmonitor" 
"[" "recresid.default" "recresid" "efp" "history_roc" "bfastmonitor" 
"recresid.default" "recresid" "efp" "history_roc" "bfastmonitor" 
"is.na" "recresid.default" "recresid" "efp" "history_roc" "bfastmonitor" 
"as.vector" "recresid.default" "recresid" "efp" "history_roc" "bfastmonitor" 
"!" "recresid.default" "recresid" "efp" "history_roc" "bfastmonitor" 
"[" "recresid.default" "recresid" "efp" "history_roc" "bfastmonitor" 
"outer" "recresid.default" "recresid" "efp" "history_roc" "bfastmonitor" 
"t" "outer" "recresid.default" "recresid" "efp" "history_roc" "bfastmonitor" 
"recresid.default" "recresid" "efp" "history_roc" "bfastmonitor" 
"+" "recresid.default" "recresid" "efp" "history_roc" "bfastmonitor" 
"as.vector" "recresid.default" "recresid" "efp" "history_roc" "bfastmonitor" 
"%*%" "recresid.default" "recresid" "efp" "history_roc" "bfastmonitor" 
"na.omit" ".External2" "model.frame.default" "<Anonymous>" "eval" "eval" "lm" "bfastmonitor" 
"na.omit" ".External2" "model.frame.default" "<Anonymous>" "eval" "eval" "lm" "bfastmonitor" 
"na.omit" ".External2" "model.frame.default" "<Anonymous>" "eval" "eval" "lm" "bfastmonitor" 
"na.omit" ".External2" "model.frame.default" "<Anonymous>" "eval" "eval" "lm" "bfastmonitor" 
"na.omit" ".External2" "model.frame.default" "<Anonymous>" "eval" "eval" "lm" "bfastmonitor" 
"na.omit" ".External2" "model.frame.default" "<Anonymous>" "eval" "eval" "lm" "bfastmonitor" 
"na.omit" ".External2" "model.frame.default" "<Anonymous>" "eval" "eval" "lm" "bfastmonitor" 
"na.omit" ".External2" "model.frame.default" "<Anonymous>" "eval" "eval" "lm" "bfastmonitor" 
"na.omit" ".External2" "model.frame.default" "<Anonymous>" "eval" "eval" "lm" "bfastmonitor" 
"na.omit" ".External2" "model.frame.default" "<Anonymous>" "eval" "eval" "lm" "bfastmonitor" 
"na.omit" ".External2" "model.frame.default" "<Anonymous>" "eval" "eval" "lm" "bfastmonitor" 
"na.omit.data.frame" "na.omit" ".External2" "model.frame.default" "model.frame" "monitor" "bfastmonitor" 
"[.data.frame" "[" "na.omit.data.frame" "na.omit" ".External2" "model.frame.default" "model.frame" "model.matrix.default" "model.matrix" "monitor" "bfastmonitor" 
"as.list.data.frame" "as.list" "vapply" ".checkMFClasses" "predict.lm" "predict" "standardGeneric" "predict" "bfastmonitor" 
